This file contains any messages produced by compilers while
running configure, to aid debugging if configure makes a mistake.

It was created by tracker configure 1.0, which was
generated by GNU Autoconf 2.68.  Invocation command line was

  $ ./configure prefix=/home/vafa/local/tracker

## --------- ##
## Platform. ##
## --------- ##

hostname = vafa-desktop
uname -m = i686
uname -r = 3.0.0-16-generic-pae
uname -s = Linux
uname -v = #28-Ubuntu SMP Fri Jan 27 19:24:01 UTC 2012

/usr/bin/uname -p = unknown
/bin/uname -X     = unknown

/bin/arch              = unknown
/usr/bin/arch -k       = unknown
/usr/convex/getsysinfo = unknown
/usr/bin/hostinfo      = unknown
/bin/machine           = unknown
/usr/bin/oslevel       = unknown
/bin/universe          = unknown

PATH: /usr/lib/lightdm/lightdm
PATH: /usr/local/sbin
PATH: /usr/local/bin
PATH: /usr/sbin
PATH: /usr/bin
PATH: /sbin
PATH: /bin
PATH: /usr/games


## ----------- ##
## Core tests. ##
## ----------- ##

configure:2454: checking for a BSD-compatible install
configure:2522: result: /usr/bin/install -c
configure:2533: checking whether build environment is sane
configure:2583: result: yes
configure:2724: checking for a thread-safe mkdir -p
configure:2763: result: /bin/mkdir -p
configure:2776: checking for gawk
configure:2806: result: no
configure:2776: checking for mawk
configure:2792: found /usr/bin/mawk
configure:2803: result: mawk
configure:2814: checking whether make sets $(MAKE)
configure:2836: result: yes
configure:2976: checking for g++
configure:2992: found /usr/bin/g++
configure:3003: result: g++
configure:3030: checking for C++ compiler version
configure:3039: g++ --version >&5
g++ (Ubuntu/Linaro 4.6.1-9ubuntu3) 4.6.1
Copyright (C) 2011 Free Software Foundation, Inc.
This is free software; see the source for copying conditions.  There is NO
warranty; not even for MERCHANTABILITY or FITNESS FOR A PARTICULAR PURPOSE.

configure:3050: $? = 0
configure:3039: g++ -v >&5
Using built-in specs.
COLLECT_GCC=g++
COLLECT_LTO_WRAPPER=/usr/lib/gcc/i686-linux-gnu/4.6.1/lto-wrapper
Target: i686-linux-gnu
Configured with: ../src/configure -v --with-pkgversion='Ubuntu/Linaro 4.6.1-9ubuntu3' --with-bugurl=file:///usr/share/doc/gcc-4.6/README.Bugs --enable-languages=c,c++,fortran,objc,obj-c++,go --prefix=/usr --program-suffix=-4.6 --enable-shared --enable-linker-build-id --with-system-zlib --libexecdir=/usr/lib --without-included-gettext --enable-threads=posix --with-gxx-include-dir=/usr/include/c++/4.6 --libdir=/usr/lib --enable-nls --with-sysroot=/ --enable-clocale=gnu --enable-libstdcxx-debug --enable-libstdcxx-time=yes --enable-plugin --enable-objc-gc --enable-targets=all --disable-werror --with-arch-32=i686 --with-tune=generic --enable-checking=release --build=i686-linux-gnu --host=i686-linux-gnu --target=i686-linux-gnu
Thread model: posix
gcc version 4.6.1 (Ubuntu/Linaro 4.6.1-9ubuntu3) 
configure:3050: $? = 0
configure:3039: g++ -V >&5
g++: error: unrecognized option '-V'
g++: fatal error: no input files
compilation terminated.
configure:3050: $? = 4
configure:3039: g++ -qversion >&5
g++: error: unrecognized option '-qversion'
g++: fatal error: no input files
compilation terminated.
configure:3050: $? = 4
configure:3070: checking whether the C++ compiler works
configure:3092: g++    conftest.cpp  >&5
configure:3096: $? = 0
configure:3144: result: yes
configure:3147: checking for C++ compiler default output file name
configure:3149: result: a.out
configure:3155: checking for suffix of executables
configure:3162: g++ -o conftest    conftest.cpp  >&5
configure:3166: $? = 0
configure:3188: result: 
configure:3210: checking whether we are cross compiling
configure:3218: g++ -o conftest    conftest.cpp  >&5
configure:3222: $? = 0
configure:3229: ./conftest
configure:3233: $? = 0
configure:3248: result: no
configure:3253: checking for suffix of object files
configure:3275: g++ -c   conftest.cpp >&5
configure:3279: $? = 0
configure:3300: result: o
configure:3304: checking whether we are using the GNU C++ compiler
configure:3323: g++ -c   conftest.cpp >&5
configure:3323: $? = 0
configure:3332: result: yes
configure:3341: checking whether g++ accepts -g
configure:3361: g++ -c -g  conftest.cpp >&5
configure:3361: $? = 0
configure:3402: result: yes
configure:3436: checking for style of include used by make
configure:3464: result: GNU
configure:3489: checking dependency style of g++
configure:3599: result: gcc3
configure:3662: checking for gcc
configure:3678: found /usr/bin/gcc
configure:3689: result: gcc
configure:3918: checking for C compiler version
configure:3927: gcc --version >&5
gcc (Ubuntu/Linaro 4.6.1-9ubuntu3) 4.6.1
Copyright (C) 2011 Free Software Foundation, Inc.
This is free software; see the source for copying conditions.  There is NO
warranty; not even for MERCHANTABILITY or FITNESS FOR A PARTICULAR PURPOSE.

configure:3938: $? = 0
configure:3927: gcc -v >&5
Using built-in specs.
COLLECT_GCC=gcc
COLLECT_LTO_WRAPPER=/usr/lib/gcc/i686-linux-gnu/4.6.1/lto-wrapper
Target: i686-linux-gnu
Configured with: ../src/configure -v --with-pkgversion='Ubuntu/Linaro 4.6.1-9ubuntu3' --with-bugurl=file:///usr/share/doc/gcc-4.6/README.Bugs --enable-languages=c,c++,fortran,objc,obj-c++,go --prefix=/usr --program-suffix=-4.6 --enable-shared --enable-linker-build-id --with-system-zlib --libexecdir=/usr/lib --without-included-gettext --enable-threads=posix --with-gxx-include-dir=/usr/include/c++/4.6 --libdir=/usr/lib --enable-nls --with-sysroot=/ --enable-clocale=gnu --enable-libstdcxx-debug --enable-libstdcxx-time=yes --enable-plugin --enable-objc-gc --enable-targets=all --disable-werror --with-arch-32=i686 --with-tune=generic --enable-checking=release --build=i686-linux-gnu --host=i686-linux-gnu --target=i686-linux-gnu
Thread model: posix
gcc version 4.6.1 (Ubuntu/Linaro 4.6.1-9ubuntu3) 
configure:3938: $? = 0
configure:3927: gcc -V >&5
gcc: error: unrecognized option '-V'
gcc: fatal error: no input files
compilation terminated.
configure:3938: $? = 4
configure:3927: gcc -qversion >&5
gcc: error: unrecognized option '-qversion'
gcc: fatal error: no input files
compilation terminated.
configure:3938: $? = 4
configure:3942: checking whether we are using the GNU C compiler
configure:3961: gcc -c   conftest.c >&5
configure:3961: $? = 0
configure:3970: result: yes
configure:3979: checking whether gcc accepts -g
configure:3999: gcc -c -g  conftest.c >&5
configure:3999: $? = 0
configure:4040: result: yes
configure:4057: checking for gcc option to accept ISO C89
configure:4121: gcc  -c -g -O2  conftest.c >&5
configure:4121: $? = 0
configure:4134: result: none needed
configure:4156: checking dependency style of gcc
configure:4266: result: gcc3
configure:4310: checking build system type
configure:4324: result: i686-pc-linux-gnu
configure:4344: checking host system type
configure:4357: result: i686-pc-linux-gnu
configure:4398: checking how to print strings
configure:4425: result: printf
configure:4446: checking for a sed that does not truncate output
configure:4510: result: /bin/sed
configure:4528: checking for grep that handles long lines and -e
configure:4586: result: /bin/grep
configure:4591: checking for egrep
configure:4653: result: /bin/grep -E
configure:4658: checking for fgrep
configure:4720: result: /bin/grep -F
configure:4755: checking for ld used by gcc
configure:4822: result: /usr/bin/ld
configure:4829: checking if the linker (/usr/bin/ld) is GNU ld
configure:4844: result: yes
configure:4856: checking for BSD- or MS-compatible name lister (nm)
configure:4905: result: /usr/bin/nm -B
configure:5035: checking the name lister (/usr/bin/nm -B) interface
configure:5042: gcc -c -g -O2  conftest.c >&5
configure:5045: /usr/bin/nm -B "conftest.o"
configure:5048: output
00000000 B some_variable
configure:5055: result: BSD nm
configure:5058: checking whether ln -s works
configure:5062: result: yes
configure:5070: checking the maximum length of command line arguments
configure:5195: result: 1572864
configure:5212: checking whether the shell understands some XSI constructs
configure:5222: result: yes
configure:5226: checking whether the shell understands "+="
configure:5232: result: yes
configure:5267: checking how to convert i686-pc-linux-gnu file names to i686-pc-linux-gnu format
configure:5307: result: func_convert_file_noop
configure:5314: checking how to convert i686-pc-linux-gnu file names to toolchain format
configure:5334: result: func_convert_file_noop
configure:5341: checking for /usr/bin/ld option to reload object files
configure:5348: result: -r
configure:5422: checking for objdump
configure:5438: found /usr/bin/objdump
configure:5449: result: objdump
configure:5481: checking how to recognize dependent libraries
configure:5683: result: pass_all
configure:5768: checking for dlltool
configure:5798: result: no
configure:5828: checking how to associate runtime and link libraries
configure:5855: result: printf %s\n
configure:5916: checking for ar
configure:5932: found /usr/bin/ar
configure:5943: result: ar
configure:5980: checking for archiver @FILE support
configure:5997: gcc -c -g -O2  conftest.c >&5
configure:5997: $? = 0
configure:6000: ar cru libconftest.a @conftest.lst >&5
configure:6003: $? = 0
configure:6008: ar cru libconftest.a @conftest.lst >&5
ar: conftest.o: No such file or directory
configure:6011: $? = 1
configure:6023: result: @
configure:6081: checking for strip
configure:6097: found /usr/bin/strip
configure:6108: result: strip
configure:6180: checking for ranlib
configure:6196: found /usr/bin/ranlib
configure:6207: result: ranlib
configure:6309: checking command to parse /usr/bin/nm -B output from gcc object
configure:6428: gcc -c -g -O2  conftest.c >&5
configure:6431: $? = 0
configure:6435: /usr/bin/nm -B conftest.o \| sed -n -e 's/^.*[ ]\([ABCDGIRSTW][ABCDGIRSTW]*\)[ ][ ]*\([_A-Za-z][_A-Za-z0-9]*\)$/\1 \2 \2/p' | sed '/ __gnu_lto/d' \> conftest.nm
configure:6438: $? = 0
configure:6504: gcc -o conftest -g -O2   conftest.c conftstm.o >&5
configure:6507: $? = 0
configure:6545: result: ok
configure:6582: checking for sysroot
configure:6612: result: no
configure:6855: checking for mt
configure:6871: found /bin/mt
configure:6882: result: mt
configure:6905: checking if mt is a manifest tool
configure:6911: mt '-?'
configure:6919: result: no
configure:7551: checking how to run the C preprocessor
configure:7582: gcc -E  conftest.c
configure:7582: $? = 0
configure:7596: gcc -E  conftest.c
conftest.c:11:28: fatal error: ac_nonexistent.h: No such file or directory
compilation terminated.
configure:7596: $? = 1
configure: failed program was:
| /* confdefs.h */
| #define PACKAGE_NAME "tracker"
| #define PACKAGE_TARNAME "tracker"
| #define PACKAGE_VERSION "1.0"
| #define PACKAGE_STRING "tracker 1.0"
| #define PACKAGE_BUGREPORT "vafakhoshaein@gmail.com"
| #define PACKAGE_URL ""
| #define PACKAGE "tracker"
| #define VERSION "1.0"
| /* end confdefs.h.  */
| #include <ac_nonexistent.h>
configure:7621: result: gcc -E
configure:7641: gcc -E  conftest.c
configure:7641: $? = 0
configure:7655: gcc -E  conftest.c
conftest.c:11:28: fatal error: ac_nonexistent.h: No such file or directory
compilation terminated.
configure:7655: $? = 1
configure: failed program was:
| /* confdefs.h */
| #define PACKAGE_NAME "tracker"
| #define PACKAGE_TARNAME "tracker"
| #define PACKAGE_VERSION "1.0"
| #define PACKAGE_STRING "tracker 1.0"
| #define PACKAGE_BUGREPORT "vafakhoshaein@gmail.com"
| #define PACKAGE_URL ""
| #define PACKAGE "tracker"
| #define VERSION "1.0"
| /* end confdefs.h.  */
| #include <ac_nonexistent.h>
configure:7684: checking for ANSI C header files
configure:7704: gcc -c -g -O2  conftest.c >&5
configure:7704: $? = 0
configure:7777: gcc -o conftest -g -O2   conftest.c  >&5
configure:7777: $? = 0
configure:7777: ./conftest
configure:7777: $? = 0
configure:7788: result: yes
configure:7801: checking for sys/types.h
configure:7801: gcc -c -g -O2  conftest.c >&5
configure:7801: $? = 0
configure:7801: result: yes
configure:7801: checking for sys/stat.h
configure:7801: gcc -c -g -O2  conftest.c >&5
configure:7801: $? = 0
configure:7801: result: yes
configure:7801: checking for stdlib.h
configure:7801: gcc -c -g -O2  conftest.c >&5
configure:7801: $? = 0
configure:7801: result: yes
configure:7801: checking for string.h
configure:7801: gcc -c -g -O2  conftest.c >&5
configure:7801: $? = 0
configure:7801: result: yes
configure:7801: checking for memory.h
configure:7801: gcc -c -g -O2  conftest.c >&5
configure:7801: $? = 0
configure:7801: result: yes
configure:7801: checking for strings.h
configure:7801: gcc -c -g -O2  conftest.c >&5
configure:7801: $? = 0
configure:7801: result: yes
configure:7801: checking for inttypes.h
configure:7801: gcc -c -g -O2  conftest.c >&5
configure:7801: $? = 0
configure:7801: result: yes
configure:7801: checking for stdint.h
configure:7801: gcc -c -g -O2  conftest.c >&5
configure:7801: $? = 0
configure:7801: result: yes
configure:7801: checking for unistd.h
configure:7801: gcc -c -g -O2  conftest.c >&5
configure:7801: $? = 0
configure:7801: result: yes
configure:7815: checking for dlfcn.h
configure:7815: gcc -c -g -O2  conftest.c >&5
configure:7815: $? = 0
configure:7815: result: yes
configure:8013: checking for objdir
configure:8028: result: .libs
configure:8299: checking if gcc supports -fno-rtti -fno-exceptions
configure:8317: gcc -c -g -O2  -fno-rtti -fno-exceptions conftest.c >&5
cc1: warning: command line option '-fno-rtti' is valid for C++/ObjC++ but not for C [enabled by default]
configure:8321: $? = 0
configure:8334: result: no
configure:8644: checking for gcc option to produce PIC
configure:8651: result: -fPIC -DPIC
configure:8659: checking if gcc PIC flag -fPIC -DPIC works
configure:8677: gcc -c -g -O2  -fPIC -DPIC -DPIC conftest.c >&5
configure:8681: $? = 0
configure:8694: result: yes
configure:8723: checking if gcc static flag -static works
configure:8751: result: yes
configure:8766: checking if gcc supports -c -o file.o
configure:8787: gcc -c -g -O2  -o out/conftest2.o conftest.c >&5
configure:8791: $? = 0
configure:8813: result: yes
configure:8821: checking if gcc supports -c -o file.o
configure:8868: result: yes
configure:8901: checking whether the gcc linker (/usr/bin/ld) supports shared libraries
configure:10063: result: yes
configure:10100: checking whether -lc should be explicitly linked in
configure:10108: gcc -c -g -O2  conftest.c >&5
configure:10111: $? = 0
configure:10126: gcc -shared  -fPIC -DPIC conftest.o  -v -Wl,-soname -Wl,conftest -o conftest 2\>\&1 \| /bin/grep  -lc  \>/dev/null 2\>\&1
configure:10129: $? = 0
configure:10143: result: no
configure:10308: checking dynamic linker characteristics
configure:10823: gcc -o conftest -g -O2   -Wl,-rpath -Wl,/foo conftest.c  >&5
configure:10823: $? = 0
configure:11057: result: GNU/Linux ld.so
configure:11164: checking how to hardcode library paths into programs
configure:11189: result: immediate
configure:11729: checking whether stripping libraries is possible
configure:11734: result: yes
configure:11769: checking if libtool supports shared libraries
configure:11771: result: yes
configure:11774: checking whether to build shared libraries
configure:11795: result: yes
configure:11798: checking whether to build static libraries
configure:11802: result: yes
configure:11825: checking how to run the C++ preprocessor
configure:11852: g++ -E  conftest.cpp
configure:11852: $? = 0
configure:11866: g++ -E  conftest.cpp
conftest.cpp:23:28: fatal error: ac_nonexistent.h: No such file or directory
compilation terminated.
configure:11866: $? = 1
configure: failed program was:
| /* confdefs.h */
| #define PACKAGE_NAME "tracker"
| #define PACKAGE_TARNAME "tracker"
| #define PACKAGE_VERSION "1.0"
| #define PACKAGE_STRING "tracker 1.0"
| #define PACKAGE_BUGREPORT "vafakhoshaein@gmail.com"
| #define PACKAGE_URL ""
| #define PACKAGE "tracker"
| #define VERSION "1.0"
| #define STDC_HEADERS 1
| #define HAVE_SYS_TYPES_H 1
| #define HAVE_SYS_STAT_H 1
| #define HAVE_STDLIB_H 1
| #define HAVE_STRING_H 1
| #define HAVE_MEMORY_H 1
| #define HAVE_STRINGS_H 1
| #define HAVE_INTTYPES_H 1
| #define HAVE_STDINT_H 1
| #define HAVE_UNISTD_H 1
| #define HAVE_DLFCN_H 1
| #define LT_OBJDIR ".libs/"
| /* end confdefs.h.  */
| #include <ac_nonexistent.h>
configure:11891: result: g++ -E
configure:11911: g++ -E  conftest.cpp
configure:11911: $? = 0
configure:11925: g++ -E  conftest.cpp
conftest.cpp:23:28: fatal error: ac_nonexistent.h: No such file or directory
compilation terminated.
configure:11925: $? = 1
configure: failed program was:
| /* confdefs.h */
| #define PACKAGE_NAME "tracker"
| #define PACKAGE_TARNAME "tracker"
| #define PACKAGE_VERSION "1.0"
| #define PACKAGE_STRING "tracker 1.0"
| #define PACKAGE_BUGREPORT "vafakhoshaein@gmail.com"
| #define PACKAGE_URL ""
| #define PACKAGE "tracker"
| #define VERSION "1.0"
| #define STDC_HEADERS 1
| #define HAVE_SYS_TYPES_H 1
| #define HAVE_SYS_STAT_H 1
| #define HAVE_STDLIB_H 1
| #define HAVE_STRING_H 1
| #define HAVE_MEMORY_H 1
| #define HAVE_STRINGS_H 1
| #define HAVE_INTTYPES_H 1
| #define HAVE_STDINT_H 1
| #define HAVE_UNISTD_H 1
| #define HAVE_DLFCN_H 1
| #define LT_OBJDIR ".libs/"
| /* end confdefs.h.  */
| #include <ac_nonexistent.h>
configure:12095: checking for ld used by g++
configure:12162: result: /usr/bin/ld
configure:12169: checking if the linker (/usr/bin/ld) is GNU ld
configure:12184: result: yes
configure:12239: checking whether the g++ linker (/usr/bin/ld) supports shared libraries
configure:13243: result: yes
configure:13278: g++ -c -g -O2  conftest.cpp >&5
configure:13281: $? = 0
configure:13801: checking for g++ option to produce PIC
configure:13808: result: -fPIC -DPIC
configure:13816: checking if g++ PIC flag -fPIC -DPIC works
configure:13834: g++ -c -g -O2  -fPIC -DPIC -DPIC conftest.cpp >&5
configure:13838: $? = 0
configure:13851: result: yes
configure:13874: checking if g++ static flag -static works
configure:13902: result: yes
configure:13914: checking if g++ supports -c -o file.o
configure:13935: g++ -c -g -O2  -o out/conftest2.o conftest.cpp >&5
configure:13939: $? = 0
configure:13961: result: yes
configure:13966: checking if g++ supports -c -o file.o
configure:14013: result: yes
configure:14043: checking whether the g++ linker (/usr/bin/ld) supports shared libraries
configure:14080: result: yes
configure:14223: checking dynamic linker characteristics
configure:14906: result: GNU/Linux ld.so
configure:14959: checking how to hardcode library paths into programs
configure:14984: result: immediate
configure:15050: checking for stdlib.h
configure:15050: result: yes
configure:15050: checking for string.h
configure:15050: result: yes
configure:15062: checking for stdbool.h that conforms to C99
configure:15129: gcc -c -g -O2  conftest.c >&5
configure:15129: $? = 0
configure:15136: result: yes
configure:15138: checking for _Bool
configure:15138: gcc -c -g -O2  conftest.c >&5
configure:15138: $? = 0
configure:15138: gcc -c -g -O2  conftest.c >&5
conftest.c: In function 'main':
conftest.c:61:20: error: expected expression before ')' token
configure:15138: $? = 1
configure: failed program was:
| /* confdefs.h */
| #define PACKAGE_NAME "tracker"
| #define PACKAGE_TARNAME "tracker"
| #define PACKAGE_VERSION "1.0"
| #define PACKAGE_STRING "tracker 1.0"
| #define PACKAGE_BUGREPORT "vafakhoshaein@gmail.com"
| #define PACKAGE_URL ""
| #define PACKAGE "tracker"
| #define VERSION "1.0"
| #define STDC_HEADERS 1
| #define HAVE_SYS_TYPES_H 1
| #define HAVE_SYS_STAT_H 1
| #define HAVE_STDLIB_H 1
| #define HAVE_STRING_H 1
| #define HAVE_MEMORY_H 1
| #define HAVE_STRINGS_H 1
| #define HAVE_INTTYPES_H 1
| #define HAVE_STDINT_H 1
| #define HAVE_UNISTD_H 1
| #define HAVE_DLFCN_H 1
| #define LT_OBJDIR ".libs/"
| #define HAVE_STDLIB_H 1
| #define HAVE_STRING_H 1
| /* end confdefs.h.  */
| #include <stdio.h>
| #ifdef HAVE_SYS_TYPES_H
| # include <sys/types.h>
| #endif
| #ifdef HAVE_SYS_STAT_H
| # include <sys/stat.h>
| #endif
| #ifdef STDC_HEADERS
| # include <stdlib.h>
| # include <stddef.h>
| #else
| # ifdef HAVE_STDLIB_H
| #  include <stdlib.h>
| # endif
| #endif
| #ifdef HAVE_STRING_H
| # if !defined STDC_HEADERS && defined HAVE_MEMORY_H
| #  include <memory.h>
| # endif
| # include <string.h>
| #endif
| #ifdef HAVE_STRINGS_H
| # include <strings.h>
| #endif
| #ifdef HAVE_INTTYPES_H
| # include <inttypes.h>
| #endif
| #ifdef HAVE_STDINT_H
| # include <stdint.h>
| #endif
| #ifdef HAVE_UNISTD_H
| # include <unistd.h>
| #endif
| int
| main ()
| {
| if (sizeof ((_Bool)))
| 	    return 0;
|   ;
|   return 0;
| }
configure:15138: result: yes
configure:15154: checking for inline
configure:15170: gcc -c -g -O2  conftest.c >&5
configure:15170: $? = 0
configure:15178: result: inline
configure:15200: checking for stdlib.h
configure:15200: result: yes
configure:15210: checking for GNU libc compatible malloc
configure:15234: gcc -o conftest -g -O2   conftest.c  >&5
configure:15234: $? = 0
configure:15234: ./conftest
configure:15234: $? = 0
configure:15244: result: yes
configure:15267: checking for stdlib.h
configure:15267: result: yes
configure:15277: checking for GNU libc compatible realloc
configure:15301: gcc -o conftest -g -O2   conftest.c  >&5
configure:15301: $? = 0
configure:15301: ./conftest
configure:15301: $? = 0
configure:15311: result: yes
configure:15335: checking for floor
configure:15335: gcc -o conftest -g -O2   conftest.c  >&5
conftest.c:54:6: warning: conflicting types for built-in function 'floor' [enabled by default]
/tmp/ccl3sNg5.o: In function `main':
/home/vafa/local/tracker/conftest.c:65: undefined reference to `floor'
collect2: ld returned 1 exit status
configure:15335: $? = 1
configure: failed program was:
| /* confdefs.h */
| #define PACKAGE_NAME "tracker"
| #define PACKAGE_TARNAME "tracker"
| #define PACKAGE_VERSION "1.0"
| #define PACKAGE_STRING "tracker 1.0"
| #define PACKAGE_BUGREPORT "vafakhoshaein@gmail.com"
| #define PACKAGE_URL ""
| #define PACKAGE "tracker"
| #define VERSION "1.0"
| #define STDC_HEADERS 1
| #define HAVE_SYS_TYPES_H 1
| #define HAVE_SYS_STAT_H 1
| #define HAVE_STDLIB_H 1
| #define HAVE_STRING_H 1
| #define HAVE_MEMORY_H 1
| #define HAVE_STRINGS_H 1
| #define HAVE_INTTYPES_H 1
| #define HAVE_STDINT_H 1
| #define HAVE_UNISTD_H 1
| #define HAVE_DLFCN_H 1
| #define LT_OBJDIR ".libs/"
| #define HAVE_STDLIB_H 1
| #define HAVE_STRING_H 1
| #define HAVE__BOOL 1
| #define HAVE_STDBOOL_H 1
| #define HAVE_STDLIB_H 1
| #define HAVE_MALLOC 1
| #define HAVE_STDLIB_H 1
| #define HAVE_REALLOC 1
| /* end confdefs.h.  */
| /* Define floor to an innocuous variant, in case <limits.h> declares floor.
|    For example, HP-UX 11i <limits.h> declares gettimeofday.  */
| #define floor innocuous_floor
| 
| /* System header to define __stub macros and hopefully few prototypes,
|     which can conflict with char floor (); below.
|     Prefer <limits.h> to <assert.h> if __STDC__ is defined, since
|     <limits.h> exists even on freestanding compilers.  */
| 
| #ifdef __STDC__
| # include <limits.h>
| #else
| # include <assert.h>
| #endif
| 
| #undef floor
| 
| /* Override any GCC internal prototype to avoid an error.
|    Use char because int might match the return type of a GCC
|    builtin and then its argument prototype would still apply.  */
| #ifdef __cplusplus
| extern "C"
| #endif
| char floor ();
| /* The GNU C library defines this for functions which it implements
|     to always fail with ENOSYS.  Some functions are actually named
|     something starting with __ and the normal name is an alias.  */
| #if defined __stub_floor || defined __stub___floor
| choke me
| #endif
| 
| int
| main ()
| {
| return floor ();
|   ;
|   return 0;
| }
configure:15335: result: no
configure:15335: checking for memset
configure:15335: gcc -o conftest -g -O2   conftest.c  >&5
conftest.c:54:6: warning: conflicting types for built-in function 'memset' [enabled by default]
configure:15335: $? = 0
configure:15335: result: yes
configure:15335: checking for sqrt
configure:15335: gcc -o conftest -g -O2   conftest.c  >&5
conftest.c:55:6: warning: conflicting types for built-in function 'sqrt' [enabled by default]
/tmp/cc2Mgu58.o: In function `main':
/home/vafa/local/tracker/conftest.c:66: undefined reference to `sqrt'
collect2: ld returned 1 exit status
configure:15335: $? = 1
configure: failed program was:
| /* confdefs.h */
| #define PACKAGE_NAME "tracker"
| #define PACKAGE_TARNAME "tracker"
| #define PACKAGE_VERSION "1.0"
| #define PACKAGE_STRING "tracker 1.0"
| #define PACKAGE_BUGREPORT "vafakhoshaein@gmail.com"
| #define PACKAGE_URL ""
| #define PACKAGE "tracker"
| #define VERSION "1.0"
| #define STDC_HEADERS 1
| #define HAVE_SYS_TYPES_H 1
| #define HAVE_SYS_STAT_H 1
| #define HAVE_STDLIB_H 1
| #define HAVE_STRING_H 1
| #define HAVE_MEMORY_H 1
| #define HAVE_STRINGS_H 1
| #define HAVE_INTTYPES_H 1
| #define HAVE_STDINT_H 1
| #define HAVE_UNISTD_H 1
| #define HAVE_DLFCN_H 1
| #define LT_OBJDIR ".libs/"
| #define HAVE_STDLIB_H 1
| #define HAVE_STRING_H 1
| #define HAVE__BOOL 1
| #define HAVE_STDBOOL_H 1
| #define HAVE_STDLIB_H 1
| #define HAVE_MALLOC 1
| #define HAVE_STDLIB_H 1
| #define HAVE_REALLOC 1
| #define HAVE_MEMSET 1
| /* end confdefs.h.  */
| /* Define sqrt to an innocuous variant, in case <limits.h> declares sqrt.
|    For example, HP-UX 11i <limits.h> declares gettimeofday.  */
| #define sqrt innocuous_sqrt
| 
| /* System header to define __stub macros and hopefully few prototypes,
|     which can conflict with char sqrt (); below.
|     Prefer <limits.h> to <assert.h> if __STDC__ is defined, since
|     <limits.h> exists even on freestanding compilers.  */
| 
| #ifdef __STDC__
| # include <limits.h>
| #else
| # include <assert.h>
| #endif
| 
| #undef sqrt
| 
| /* Override any GCC internal prototype to avoid an error.
|    Use char because int might match the return type of a GCC
|    builtin and then its argument prototype would still apply.  */
| #ifdef __cplusplus
| extern "C"
| #endif
| char sqrt ();
| /* The GNU C library defines this for functions which it implements
|     to always fail with ENOSYS.  Some functions are actually named
|     something starting with __ and the normal name is an alias.  */
| #if defined __stub_sqrt || defined __stub___sqrt
| choke me
| #endif
| 
| int
| main ()
| {
| return sqrt ();
|   ;
|   return 0;
| }
configure:15335: result: no
configure:15335: checking for strdup
configure:15335: gcc -o conftest -g -O2   conftest.c  >&5
conftest.c:55:6: warning: conflicting types for built-in function 'strdup' [enabled by default]
configure:15335: $? = 0
configure:15335: result: yes
configure:15400: checking for pkg-config
configure:15418: found /usr/bin/pkg-config
configure:15430: result: /usr/bin/pkg-config
configure:15455: checking pkg-config is at least version 0.9.0
configure:15458: result: yes
configure:15468: checking for OPENCV
configure:15475: $PKG_CONFIG --exists --print-errors "opencv >= 2.0"
configure:15478: $? = 0
configure:15492: $PKG_CONFIG --exists --print-errors "opencv >= 2.0"
configure:15495: $? = 0
configure:15553: result: yes
configure:15559: checking for GLIB
configure:15566: $PKG_CONFIG --exists --print-errors "glib-2.0 >= 0"
configure:15569: $? = 0
configure:15583: $PKG_CONFIG --exists --print-errors "glib-2.0 >= 0"
configure:15586: $? = 0
configure:15644: result: yes
configure:15650: checking QT4.1 directory
configure:15670: result: /usr
configure:15682: "I'm assuming this is Linux"
configure:15684: checking for X
configure:15792: gcc -E  conftest.c
configure:15792: $? = 0
configure:15823: gcc -o conftest -g -O2   conftest.c -lX11  >&5
configure:15823: $? = 0
configure:15873: result: libraries , headers 
configure:15972: gcc -o conftest -g -O2   conftest.c   -lX11 >&5
configure:15972: $? = 0
configure:16070: checking for gethostbyname
configure:16070: gcc -o conftest -g -O2   conftest.c  >&5
configure:16070: $? = 0
configure:16070: result: yes
configure:16167: checking for connect
configure:16167: gcc -o conftest -g -O2   conftest.c  >&5
configure:16167: $? = 0
configure:16167: result: yes
configure:16216: checking for remove
configure:16216: gcc -o conftest -g -O2   conftest.c  >&5
configure:16216: $? = 0
configure:16216: result: yes
configure:16265: checking for shmat
configure:16265: gcc -o conftest -g -O2   conftest.c  >&5
configure:16265: $? = 0
configure:16265: result: yes
configure:16323: checking for IceConnectionNumber in -lICE
configure:16348: gcc -o conftest -g -O2   conftest.c -lICE   >&5
configure:16348: $? = 0
configure:16357: result: yes
configure:16405: checking "does moc work?"
configure:16408: moc myqt.h -o moc_myqt.cpp
configure:16411: $? = 0
configure:16416: result: yes
configure:16418: g++ -c -g -O2 -I/usr/include/qt4 -I/usr/include/qt4/QtGui -I/usr/include/qt4/QtNetwork -I/usr/include/qt4/QtCore -I/usr/include/qt4/QtOpenGL  -DQT_OPENGL_LIB -DQT_GUI_LIB -DQT_CORE_LIB -DQT_SHARED -o moc_myqt.o moc_myqt.cpp
configure:16420: checking can I compile moc_myqt.cpp?
configure:16423: g++ -c -g -O2 -I/usr/include/qt4 -I/usr/include/qt4/QtGui -I/usr/include/qt4/QtNetwork -I/usr/include/qt4/QtCore -I/usr/include/qt4/QtOpenGL  -DQT_OPENGL_LIB -DQT_GUI_LIB -DQT_CORE_LIB -DQT_SHARED -o moc_myqt.o moc_myqt.cpp
configure:16426: $? = 0
configure:16431: result: yes
configure:16433: checking "can I compile myqt.cpp?"
configure:16436: g++ -I/usr/include/qt4 -I/usr/include/qt4/QtGui -I/usr/include/qt4/QtNetwork -I/usr/include/qt4/QtCore -I/usr/include/qt4/QtOpenGL  -DQT_OPENGL_LIB -DQT_GUI_LIB -DQT_CORE_LIB -DQT_SHARED -c -g -O2 -I/usr/include/qt4 -I/usr/include/qt4/QtGui -I/usr/include/qt4/QtNetwork -I/usr/include/qt4/QtCore -I/usr/include/qt4/QtOpenGL  -DQT_OPENGL_LIB -DQT_GUI_LIB -DQT_CORE_LIB -DQT_SHARED -o myqt.o myqt.cpp
configure:16439: $? = 0
configure:16444: result: yes
configure:16446: checking can I link against QT?
configure:16449: 
configure:16452: $? = 0
configure:16457: result: yes
configure:16460: checking for mkoctfile
configure:16462: 
configure:16465: $? = 0
configure:16470: result: yes
configure:16611: creating ./config.status

## ---------------------- ##
## Running config.status. ##
## ---------------------- ##

This file was extended by tracker config.status 1.0, which was
generated by GNU Autoconf 2.68.  Invocation command line was

  CONFIG_FILES    = 
  CONFIG_HEADERS  = 
  CONFIG_LINKS    = 
  CONFIG_COMMANDS = 
  $ ./config.status 

on vafa-desktop

config.status:1183: creating Makefile
config.status:1183: creating src/Makefile
config.status:1183: creating src/misc/Makefile
config.status:1183: creating src/Controller/Makefile
config.status:1183: creating src/BackgroundSegmentor/Makefile
config.status:1183: creating src/IPCameraCapture/Makefile
config.status:1183: creating src/Tracker/Makefile
config.status:1183: creating src/VideoLoader/Makefile
config.status:1183: creating src/DBManager/Makefile
config.status:1183: creating src/gui/Makefile
config.status:1183: creating config.h
config.status:1412: executing depfiles commands
config.status:1412: executing libtool commands

## ---------------- ##
## Cache variables. ##
## ---------------- ##

ac_cv_build=i686-pc-linux-gnu
ac_cv_c_compiler_gnu=yes
ac_cv_c_inline=inline
ac_cv_cxx_compiler_gnu=yes
ac_cv_env_CCC_set=
ac_cv_env_CCC_value=
ac_cv_env_CC_set=
ac_cv_env_CC_value=
ac_cv_env_CFLAGS_set=
ac_cv_env_CFLAGS_value=
ac_cv_env_CPPFLAGS_set=
ac_cv_env_CPPFLAGS_value=
ac_cv_env_CPP_set=
ac_cv_env_CPP_value=
ac_cv_env_CXXCPP_set=
ac_cv_env_CXXCPP_value=
ac_cv_env_CXXFLAGS_set=
ac_cv_env_CXXFLAGS_value=
ac_cv_env_CXX_set=
ac_cv_env_CXX_value=
ac_cv_env_GLIB_CFLAGS_set=
ac_cv_env_GLIB_CFLAGS_value=
ac_cv_env_GLIB_LIBS_set=
ac_cv_env_GLIB_LIBS_value=
ac_cv_env_LDFLAGS_set=
ac_cv_env_LDFLAGS_value=
ac_cv_env_LIBS_set=
ac_cv_env_LIBS_value=
ac_cv_env_OPENCV_CFLAGS_set=
ac_cv_env_OPENCV_CFLAGS_value=
ac_cv_env_OPENCV_LIBS_set=
ac_cv_env_OPENCV_LIBS_value=
ac_cv_env_PKG_CONFIG_LIBDIR_set=
ac_cv_env_PKG_CONFIG_LIBDIR_value=
ac_cv_env_PKG_CONFIG_PATH_set=
ac_cv_env_PKG_CONFIG_PATH_value=
ac_cv_env_PKG_CONFIG_set=
ac_cv_env_PKG_CONFIG_value=
ac_cv_env_XMKMF_set=
ac_cv_env_XMKMF_value=
ac_cv_env_build_alias_set=
ac_cv_env_build_alias_value=
ac_cv_env_host_alias_set=
ac_cv_env_host_alias_value=
ac_cv_env_target_alias_set=
ac_cv_env_target_alias_value=
ac_cv_func_connect=yes
ac_cv_func_floor=no
ac_cv_func_gethostbyname=yes
ac_cv_func_malloc_0_nonnull=yes
ac_cv_func_memset=yes
ac_cv_func_realloc_0_nonnull=yes
ac_cv_func_remove=yes
ac_cv_func_shmat=yes
ac_cv_func_sqrt=no
ac_cv_func_strdup=yes
ac_cv_have_x='have_x=yes	ac_x_includes='\'''\''	ac_x_libraries='\'''\'''
ac_cv_header_dlfcn_h=yes
ac_cv_header_inttypes_h=yes
ac_cv_header_memory_h=yes
ac_cv_header_stdbool_h=yes
ac_cv_header_stdc=yes
ac_cv_header_stdint_h=yes
ac_cv_header_stdlib_h=yes
ac_cv_header_string_h=yes
ac_cv_header_strings_h=yes
ac_cv_header_sys_stat_h=yes
ac_cv_header_sys_types_h=yes
ac_cv_header_unistd_h=yes
ac_cv_host=i686-pc-linux-gnu
ac_cv_lib_ICE_IceConnectionNumber=yes
ac_cv_objext=o
ac_cv_path_EGREP='/bin/grep -E'
ac_cv_path_FGREP='/bin/grep -F'
ac_cv_path_GREP=/bin/grep
ac_cv_path_SED=/bin/sed
ac_cv_path_ac_pt_PKG_CONFIG=/usr/bin/pkg-config
ac_cv_path_install='/usr/bin/install -c'
ac_cv_path_mkdir=/bin/mkdir
ac_cv_prog_AWK=mawk
ac_cv_prog_CPP='gcc -E'
ac_cv_prog_CXXCPP='g++ -E'
ac_cv_prog_ac_ct_AR=ar
ac_cv_prog_ac_ct_CC=gcc
ac_cv_prog_ac_ct_CXX=g++
ac_cv_prog_ac_ct_MANIFEST_TOOL=mt
ac_cv_prog_ac_ct_OBJDUMP=objdump
ac_cv_prog_ac_ct_RANLIB=ranlib
ac_cv_prog_ac_ct_STRIP=strip
ac_cv_prog_cc_c89=
ac_cv_prog_cc_g=yes
ac_cv_prog_cxx_g=yes
ac_cv_prog_make_make_set=yes
ac_cv_type__Bool=yes
am_cv_CC_dependencies_compiler_type=gcc3
am_cv_CXX_dependencies_compiler_type=gcc3
lt_cv_ar_at_file=@
lt_cv_archive_cmds_need_lc=no
lt_cv_deplibs_check_method=pass_all
lt_cv_file_magic_cmd='$MAGIC_CMD'
lt_cv_file_magic_test_file=
lt_cv_ld_reload_flag=-r
lt_cv_nm_interface='BSD nm'
lt_cv_objdir=.libs
lt_cv_path_LD=/usr/bin/ld
lt_cv_path_LDCXX=/usr/bin/ld
lt_cv_path_NM='/usr/bin/nm -B'
lt_cv_path_mainfest_tool=no
lt_cv_prog_compiler_c_o=yes
lt_cv_prog_compiler_c_o_CXX=yes
lt_cv_prog_compiler_pic='-fPIC -DPIC'
lt_cv_prog_compiler_pic_CXX='-fPIC -DPIC'
lt_cv_prog_compiler_pic_works=yes
lt_cv_prog_compiler_pic_works_CXX=yes
lt_cv_prog_compiler_rtti_exceptions=no
lt_cv_prog_compiler_static_works=yes
lt_cv_prog_compiler_static_works_CXX=yes
lt_cv_prog_gnu_ld=yes
lt_cv_prog_gnu_ldcxx=yes
lt_cv_sharedlib_from_linklib_cmd='printf %s\n'
lt_cv_shlibpath_overrides_runpath=no
lt_cv_sys_global_symbol_pipe='sed -n -e '\''s/^.*[	 ]\([ABCDGIRSTW][ABCDGIRSTW]*\)[	 ][	 ]*\([_A-Za-z][_A-Za-z0-9]*\)$/\1 \2 \2/p'\'' | sed '\''/ __gnu_lto/d'\'''
lt_cv_sys_global_symbol_to_c_name_address='sed -n -e '\''s/^: \([^ ]*\)[ ]*$/  {\"\1\", (void *) 0},/p'\'' -e '\''s/^[ABCDGIRSTW]* \([^ ]*\) \([^ ]*\)$/  {"\2", (void *) \&\2},/p'\'''
lt_cv_sys_global_symbol_to_c_name_address_lib_prefix='sed -n -e '\''s/^: \([^ ]*\)[ ]*$/  {\"\1\", (void *) 0},/p'\'' -e '\''s/^[ABCDGIRSTW]* \([^ ]*\) \(lib[^ ]*\)$/  {"\2", (void *) \&\2},/p'\'' -e '\''s/^[ABCDGIRSTW]* \([^ ]*\) \([^ ]*\)$/  {"lib\2", (void *) \&\2},/p'\'''
lt_cv_sys_global_symbol_to_cdecl='sed -n -e '\''s/^T .* \(.*\)$/extern int \1();/p'\'' -e '\''s/^[ABCDGIRSTW]* .* \(.*\)$/extern char \1;/p'\'''
lt_cv_sys_max_cmd_len=1572864
lt_cv_to_host_file_cmd=func_convert_file_noop
lt_cv_to_tool_file_cmd=func_convert_file_noop
pkg_cv_GLIB_CFLAGS='-I/usr/include/glib-2.0 -I/usr/lib/i386-linux-gnu/glib-2.0/include  '
pkg_cv_GLIB_LIBS='-lglib-2.0  '
pkg_cv_OPENCV_CFLAGS='-I/usr/include/opencv  '
pkg_cv_OPENCV_LIBS='-lml -lcvaux -lhighgui -lcv -lcxcore  '

## ----------------- ##
## Output variables. ##
## ----------------- ##

ACLOCAL='${SHELL} /home/vafa/local/tracker/missing --run aclocal-1.11'
AMDEPBACKSLASH='\'
AMDEP_FALSE='#'
AMDEP_TRUE=''
AMTAR='${SHELL} /home/vafa/local/tracker/missing --run tar'
AR='ar'
AUTOCONF='${SHELL} /home/vafa/local/tracker/missing --run autoconf'
AUTOHEADER='${SHELL} /home/vafa/local/tracker/missing --run autoheader'
AUTOMAKE='${SHELL} /home/vafa/local/tracker/missing --run automake-1.11'
AWK='mawk'
CC='gcc'
CCDEPMODE='depmode=gcc3'
CFLAGS='-g -O2'
CPP='gcc -E'
CPPFLAGS=''
CXX='g++'
CXXCPP='g++ -E'
CXXDEPMODE='depmode=gcc3'
CXXFLAGS='-g -O2 -I/usr/include/qt4 -I/usr/include/qt4/QtGui -I/usr/include/qt4/QtNetwork -I/usr/include/qt4/QtCore -I/usr/include/qt4/QtOpenGL  -DQT_OPENGL_LIB -DQT_GUI_LIB -DQT_CORE_LIB -DQT_SHARED'
CYGPATH_W='echo'
DEFS='-DHAVE_CONFIG_H'
DEPDIR='.deps'
DLLTOOL='false'
DSYMUTIL=''
DUMPBIN=''
ECHO_C=''
ECHO_N='-n'
ECHO_T=''
EGREP='/bin/grep -E'
EXEEXT=''
FGREP='/bin/grep -F'
GLIB_CFLAGS='-I/usr/include/glib-2.0 -I/usr/lib/i386-linux-gnu/glib-2.0/include  '
GLIB_LIBS='-lglib-2.0  '
GREP='/bin/grep'
INSTALL_DATA='${INSTALL} -m 644'
INSTALL_PROGRAM='${INSTALL}'
INSTALL_SCRIPT='${INSTALL}'
INSTALL_STRIP_PROGRAM='$(install_sh) -c -s'
LD='/usr/bin/ld'
LDFLAGS=''
LIBOBJS=''
LIBS=' -Wl,-rpath,/usr/lib -L/usr/lib -lQtGui -lQtNetwork -lQtOpenGL -lQtCore  -lX11 -lXext -lXi  -lGLU -lGL -lpthread'
LIBTOOL='$(SHELL) $(top_builddir)/libtool'
LIPO=''
LN_S='ln -s'
LTLIBOBJS=''
MAKEINFO='${SHELL} /home/vafa/local/tracker/missing --run makeinfo'
MANIFEST_TOOL=':'
MKDIR_P='/bin/mkdir -p'
NM='/usr/bin/nm -B'
NMEDIT=''
OBJDUMP='objdump'
OBJEXT='o'
OPENCV_CFLAGS='-I/usr/include/opencv  '
OPENCV_LIBS='-lml -lcvaux -lhighgui -lcv -lcxcore  '
OTOOL64=''
OTOOL=''
PACKAGE='tracker'
PACKAGE_BUGREPORT='vafakhoshaein@gmail.com'
PACKAGE_NAME='tracker'
PACKAGE_STRING='tracker 1.0'
PACKAGE_TARNAME='tracker'
PACKAGE_URL=''
PACKAGE_VERSION='1.0'
PATH_SEPARATOR=':'
PKG_CONFIG='/usr/bin/pkg-config'
PKG_CONFIG_LIBDIR=''
PKG_CONFIG_PATH=''
RANLIB='ranlib'
SED='/bin/sed'
SET_MAKE=''
SHELL='/bin/bash'
STRIP='strip'
VERSION='1.0'
XMKMF=''
X_CFLAGS=''
X_EXTRA_LIBS=''
X_LIBS=''
X_PRE_LIBS=' -lSM -lICE'
ac_ct_AR='ar'
ac_ct_CC='gcc'
ac_ct_CXX='g++'
ac_ct_DUMPBIN=''
am__EXEEXT_FALSE=''
am__EXEEXT_TRUE='#'
am__fastdepCC_FALSE='#'
am__fastdepCC_TRUE=''
am__fastdepCXX_FALSE='#'
am__fastdepCXX_TRUE=''
am__include='include'
am__isrc=''
am__leading_dot='.'
am__quote=''
am__tar='${AMTAR} chof - "$$tardir"'
am__untar='${AMTAR} xf -'
bindir='${exec_prefix}/bin'
build='i686-pc-linux-gnu'
build_alias=''
build_cpu='i686'
build_os='linux-gnu'
build_vendor='pc'
datadir='${datarootdir}'
datarootdir='${prefix}/share'
docdir='${datarootdir}/doc/${PACKAGE_TARNAME}'
dvidir='${docdir}'
exec_prefix='${prefix}'
host='Linux vafa-desktop 3.0.0-16-generic-pae #28-Ubuntu SMP Fri Jan 27 19:24:01 UTC 2012 i686 i686 i386 GNU/Linux'
host_alias=''
host_cpu='i686'
host_os='linux-gnu'
host_vendor='pc'
htmldir='${docdir}'
includedir='${prefix}/include'
infodir='${datarootdir}/info'
install_sh='${SHELL} /home/vafa/local/tracker/install-sh'
libdir='${exec_prefix}/lib'
libexecdir='${exec_prefix}/libexec'
localedir='${datarootdir}/locale'
localstatedir='${prefix}/var'
mandir='${datarootdir}/man'
mkdir_p='/bin/mkdir -p'
oldincludedir='/usr/include'
pdfdir='${docdir}'
prefix='/home/vafa/local/tracker'
program_transform_name='s,x,x,'
psdir='${docdir}'
sbindir='${exec_prefix}/sbin'
sharedstatedir='${prefix}/com'
sysconfdir='${prefix}/etc'
target_alias=''

## ----------- ##
## confdefs.h. ##
## ----------- ##

/* confdefs.h */
#define PACKAGE_NAME "tracker"
#define PACKAGE_TARNAME "tracker"
#define PACKAGE_VERSION "1.0"
#define PACKAGE_STRING "tracker 1.0"
#define PACKAGE_BUGREPORT "vafakhoshaein@gmail.com"
#define PACKAGE_URL ""
#define PACKAGE "tracker"
#define VERSION "1.0"
#define STDC_HEADERS 1
#define HAVE_SYS_TYPES_H 1
#define HAVE_SYS_STAT_H 1
#define HAVE_STDLIB_H 1
#define HAVE_STRING_H 1
#define HAVE_MEMORY_H 1
#define HAVE_STRINGS_H 1
#define HAVE_INTTYPES_H 1
#define HAVE_STDINT_H 1
#define HAVE_UNISTD_H 1
#define HAVE_DLFCN_H 1
#define LT_OBJDIR ".libs/"
#define HAVE_STDLIB_H 1
#define HAVE_STRING_H 1
#define HAVE__BOOL 1
#define HAVE_STDBOOL_H 1
#define HAVE_STDLIB_H 1
#define HAVE_MALLOC 1
#define HAVE_STDLIB_H 1
#define HAVE_REALLOC 1
#define HAVE_MEMSET 1
#define HAVE_STRDUP 1

configure: exit 0

## ---------------------- ##
## Running config.status. ##
## ---------------------- ##

This file was extended by tracker config.status 1.0, which was
generated by GNU Autoconf 2.68.  Invocation command line was

  CONFIG_FILES    = 
  CONFIG_HEADERS  = 
  CONFIG_LINKS    = 
  CONFIG_COMMANDS = 
  $ ./config.status src/gui/Makefile depfiles

on vafa-desktop

config.status:1183: creating src/gui/Makefile
config.status:1412: executing depfiles commands

## ---------------------- ##
## Running config.status. ##
## ---------------------- ##

This file was extended by tracker config.status 1.0, which was
generated by GNU Autoconf 2.68.  Invocation command line was

  CONFIG_FILES    = 
  CONFIG_HEADERS  = 
  CONFIG_LINKS    = 
  CONFIG_COMMANDS = 
  $ ./config.status src/gui/Makefile depfiles

on vafa-desktop

config.status:1183: creating src/gui/Makefile
config.status:1412: executing depfiles commands

## ---------------------- ##
## Running config.status. ##
## ---------------------- ##

This file was extended by tracker config.status 1.0, which was
generated by GNU Autoconf 2.68.  Invocation command line was

  CONFIG_FILES    = 
  CONFIG_HEADERS  = 
  CONFIG_LINKS    = 
  CONFIG_COMMANDS = 
  $ ./config.status src/gui/Makefile depfiles

on vafa-desktop

config.status:1183: creating src/gui/Makefile
config.status:1412: executing depfiles commands

## ---------------------- ##
## Running config.status. ##
## ---------------------- ##

This file was extended by tracker config.status 1.0, which was
generated by GNU Autoconf 2.68.  Invocation command line was

  CONFIG_FILES    = 
  CONFIG_HEADERS  = 
  CONFIG_LINKS    = 
  CONFIG_COMMANDS = 
  $ ./config.status src/gui/Makefile depfiles

on vafa-desktop

config.status:1183: creating src/gui/Makefile
config.status:1412: executing depfiles commands

## ---------------------- ##
## Running config.status. ##
## ---------------------- ##

This file was extended by tracker config.status 1.0, which was
generated by GNU Autoconf 2.68.  Invocation command line was

  CONFIG_FILES    = 
  CONFIG_HEADERS  = 
  CONFIG_LINKS    = 
  CONFIG_COMMANDS = 
  $ ./config.status src/gui/Makefile depfiles

on vafa-desktop

config.status:1183: creating src/gui/Makefile
config.status:1412: executing depfiles commands

## ---------------------- ##
## Running config.status. ##
## ---------------------- ##

This file was extended by tracker config.status 1.0, which was
generated by GNU Autoconf 2.68.  Invocation command line was

  CONFIG_FILES    = 
  CONFIG_HEADERS  = 
  CONFIG_LINKS    = 
  CONFIG_COMMANDS = 
  $ ./config.status src/gui/Makefile depfiles

on vafa-desktop

config.status:1183: creating src/gui/Makefile
config.status:1412: executing depfiles commands
